<?xml version="1.0" encoding="UTF-8"?>
<testng-results ignored="0" total="4" passed="4" failed="0" skipped="0">
  <reporter-output>
  </reporter-output>
  <suite started-at="2023-03-26T11:43:14 EDT" name="Surefire suite" finished-at="2023-03-26T11:43:34 EDT" duration-ms="19393">
    <groups>
      <group name="cucumber">
        <method signature="AbstractTestNGCucumberTests.runScenario(io.cucumber.testng.PickleWrapper,io.cucumber.testng.FeatureWrapper)[pri:0, instance:TestRunner@7880cdf3]" name="runScenario" class="io.cucumber.testng.AbstractTestNGCucumberTests"/>
      </group> <!-- cucumber -->
    </groups>
    <test started-at="2023-03-26T11:43:14 EDT" name="Surefire test" finished-at="2023-03-26T11:43:34 EDT" duration-ms="19393">
      <class name="TestRunner">
        <test-method is-config="true" signature="setUpClass(org.testng.ITestContext)[pri:0, instance:TestRunner@7880cdf3]" started-at="2023-03-26T11:43:14 EDT" name="setUpClass" finished-at="2023-03-26T11:43:15 EDT" duration-ms="456" status="PASS">
          <params>
            <param index="0">
              <value>
                <![CDATA[org.testng.TestRunner@47eaca72]]>
              </value>
            </param>
          </params>
          <reporter-output>
          </reporter-output>
        </test-method> <!-- setUpClass -->
        <test-method signature="runScenario(io.cucumber.testng.PickleWrapper,io.cucumber.testng.FeatureWrapper)[pri:0, instance:TestRunner@7880cdf3]" started-at="2023-03-26T11:43:15 EDT" name="runScenario" description="Runs Cucumber Scenarios" data-provider="scenarios" finished-at="2023-03-26T11:43:22 EDT" duration-ms="6607" status="PASS">
          <params>
            <param index="0">
              <value>
                <![CDATA["Create a new user with given list"]]>
              </value>
            </param>
            <param index="1">
              <value>
                <![CDATA["Signup Feature"]]>
              </value>
            </param>
          </params>
          <reporter-output>
          </reporter-output>
        </test-method> <!-- runScenario -->
        <test-method signature="runScenario(io.cucumber.testng.PickleWrapper,io.cucumber.testng.FeatureWrapper)[pri:0, instance:TestRunner@7880cdf3]" started-at="2023-03-26T11:43:22 EDT" name="runScenario" description="Runs Cucumber Scenarios" data-provider="scenarios" finished-at="2023-03-26T11:43:25 EDT" duration-ms="3573" status="PASS">
          <params>
            <param index="0">
              <value>
                <![CDATA["Create a new user with given list"]]>
              </value>
            </param>
            <param index="1">
              <value>
                <![CDATA["Signup Feature"]]>
              </value>
            </param>
          </params>
          <reporter-output>
          </reporter-output>
        </test-method> <!-- runScenario -->
        <test-method signature="runScenario(io.cucumber.testng.PickleWrapper,io.cucumber.testng.FeatureWrapper)[pri:0, instance:TestRunner@7880cdf3]" started-at="2023-03-26T11:43:25 EDT" name="runScenario" description="Runs Cucumber Scenarios" data-provider="scenarios" finished-at="2023-03-26T11:43:29 EDT" duration-ms="3756" status="PASS">
          <params>
            <param index="0">
              <value>
                <![CDATA["Create a new user with given list"]]>
              </value>
            </param>
            <param index="1">
              <value>
                <![CDATA["Signup Feature"]]>
              </value>
            </param>
          </params>
          <reporter-output>
          </reporter-output>
        </test-method> <!-- runScenario -->
        <test-method signature="runScenario(io.cucumber.testng.PickleWrapper,io.cucumber.testng.FeatureWrapper)[pri:0, instance:TestRunner@7880cdf3]" started-at="2023-03-26T11:43:29 EDT" name="runScenario" description="Runs Cucumber Scenarios" data-provider="scenarios" finished-at="2023-03-26T11:43:33 EDT" duration-ms="4209" status="PASS">
          <params>
            <param index="0">
              <value>
                <![CDATA["Create a new user with given list"]]>
              </value>
            </param>
            <param index="1">
              <value>
                <![CDATA["Signup Feature"]]>
              </value>
            </param>
          </params>
          <reporter-output>
          </reporter-output>
        </test-method> <!-- runScenario -->
        <test-method is-config="true" signature="tearDownClass()[pri:0, instance:TestRunner@7880cdf3]" started-at="2023-03-26T11:43:33 EDT" name="tearDownClass" finished-at="2023-03-26T11:43:34 EDT" duration-ms="689" status="PASS">
          <reporter-output>
          </reporter-output>
        </test-method> <!-- tearDownClass -->
      </class> <!-- TestRunner -->
    </test> <!-- Surefire test -->
  </suite> <!-- Surefire suite -->
</testng-results>
